<?xml version="1.0" encoding="UTF-8"?>
<!-- Generated by org.testng.reporters.JUnitReportReporter -->
<testsuite hostname="Sreyungkumars-MacBook-Pro.local" failures="0" tests="1" name="testselenium.JenkinsDemo" time="10.493" errors="0" timestamp="2022-07-15T18:38:50 IST" skipped="0">
  <testcase classname="testselenium.JenkinsDemo" name="runSelenium" time="10.493"/>
  <system-out/>
</testsuite> <!-- testselenium.JenkinsDemo -->
